


ARM Macro Assembler    Page 1 


    1 00000000         ; Print.s
    2 00000000         ; Student names: change this to your names or look very 
                       silly
    3 00000000         ; Last modification date: change this to the last modifi
                       cation date or look very silly
    4 00000000         ; Runs on LM4F120 or TM4C123
    5 00000000         ; EE319K lab 7 device driver for any LCD
    6 00000000         ;
    7 00000000         ; As part of Lab 7, students need to implement these LCD
                       _OutDec and LCD_OutFix
    8 00000000         ; This driver assumes two low-level LCD functions
    9 00000000         ; ST7735_OutChar   outputs a single 8-bit ASCII characte
                       r
   10 00000000         ; ST7735_OutString outputs a null-terminated string 
   11 00000000         
   12 00000000                 IMPORT           ST7735_OutChar
   13 00000000                 IMPORT           ST7735_OutString
   14 00000000                 EXPORT           LCD_OutDec
   15 00000000                 EXPORT           LCD_OutFix
   16 00000000         
   17 00000000                 AREA             |.text|, CODE, READONLY, ALIGN=
2
   18 00000000                 PRESERVE8
   19 00000000                 THUMB
   20 00000000         
   21 00000000 00000000 
                       digits  EQU              0
   22 00000000 00000004 
                       num     EQU              4
   23 00000000         
   24 00000000         ;-----------------------LCD_OutDec----------------------
                       -
   25 00000000         ; Output a 32-bit number in unsigned decimal format
   26 00000000         ; Input: R0 (call by value) 32-bit unsigned number
   27 00000000         ; Output: none
   28 00000000         ; Invariables: This function must not permanently modify
                        registers R4 to R11
   29 00000000         LCD_OutDec
   30 00000000 B500            PUSH{LR}
   31 00000002 F04F 0200       MOV              R2,#0       ;# of digits = 0
   32 00000006         check
   33 00000006 280A            CMP              R0,#10
   34 00000008 D30C            BLO              out
   35 0000000A F04F 0100       MOV              R1,#0       ;count = 0
   36 0000000E         again
   37 0000000E F1A0 000A       SUB              R0,#10
   38 00000012 F101 0101       ADD              R1,#1       ;count++
   39 00000016 280A            CMP              R0,#10
   40 00000018 D2F9            BHS              again
   41 0000001A B401            PUSH{R0}
   42 0000001C F102 0201       ADD              R2,#1
   43 00000020 4608            MOV              R0,R1
   44 00000022 E7F0            B                check
   45 00000024         out
   46 00000024 F100 0030       ADD              R0,#0x30
   47 00000028 B40F            PUSH{R0-R3}
   48 0000002A F7FF FFFE       BL               ST7735_OutChar
   49 0000002E BC0F            POP{R0-R3}
   50 00000030 2A00            CMP              R2,#0



ARM Macro Assembler    Page 2 


   51 00000032 D003            BEQ              done
   52 00000034 BC01            POP{R0}
   53 00000036 F1A2 0201       SUB              R2,#1
   54 0000003A E7F3            B                out
   55 0000003C         done
   56 0000003C F85D EB04       POP{LR}
   57 00000040         
   58 00000040 4770            BX               LR
   59 00000042         ;* * * * * * * * End of LCD_OutDec * * * * * * * *
   60 00000042         
   61 00000042         ; -----------------------LCD _OutFix--------------------
                       --
   62 00000042         ; Output characters to LCD display in fixed-point format
                       
   63 00000042         ; unsigned decimal, resolution 0.001, range 0.000 to 9.9
                       99
   64 00000042         ; Inputs:  R0 is an unsigned 32-bit number
   65 00000042         ; Outputs: none
   66 00000042         ; E.g., R0=0,    then output "0.000 "
   67 00000042         ;       R0=3,    then output "0.003 "
   68 00000042         ;       R0=89,   then output "0.089 "
   69 00000042         ;       R0=123,  then output "0.123 "
   70 00000042         ;       R0=9999, then output "9.999 "
   71 00000042         ;       R0>9999, then output "*.*** "
   72 00000042         ; Invariables: This function must not permanently modify
                        registers R4 to R11
   73 00000042         LCD_OutFix
   74 00000042 B500            PUSH{LR}
   75 00000044         ;**Allocation**
   76 00000044 B401            PUSH{R0}
   77 00000046 B081            SUB              SP,#4
   78 00000048         ;**Access**
   79 00000048         clear                                ;clear frame
   80 00000048 F04F 0100       MOV              R1,#0
   81 0000004C 9100            STR              R1,[SP]
   82 0000004E         
   83 0000004E F04F 0203       MOV              R2,#3       ;frame offset
   84 00000052 9801            LDR              R0,[SP,#num] ;Load input
   85 00000054         look
   86 00000054 F04F 0100       MOV              R1,#0       ;count = 0
   87 00000058         loop
   88 00000058 280A            CMP              R0,#10
   89 0000005A D304            BLO              store
   90 0000005C F1A0 000A       SUB              R0,#10
   91 00000060 F101 0101       ADD              R1,#1       ;count++
   92 00000064 E7F8            B                loop
   93 00000066         store
   94 00000066 EB0D 0302       ADD              R3,SP,R2
   95 0000006A 7018            STRB             R0,[R3]     ;Store digit
   96 0000006C 4608            MOV              R0,R1       ;num = num / 10
   97 0000006E F1A2 0201       SUB              R2,#1
   98 00000072 2A00            CMP              R2,#0       ;if digits left, co
                                                            ntinue
   99 00000074 DAEE            BGE              look
  100 00000076 2800            CMP              R0,#0       ;check if number is
                                                             greater than 4 dig
                                                            its
  101 00000078 D81C            BHI              error
  102 0000007A F89D 0000       LDRB             R0,[SP]     ;Display float



ARM Macro Assembler    Page 3 


  103 0000007E F100 0030       ADD              R0,#0x30
  104 00000082 F7FF FFFE       BL               ST7735_OutChar
  105 00000086 F04F 002E       MOV              R0,#0x2E
  106 0000008A F7FF FFFE       BL               ST7735_OutChar
  107 0000008E F89D 0001       LDRB             R0,[SP,#1]
  108 00000092 F100 0030       ADD              R0,#0x30
  109 00000096 F7FF FFFE       BL               ST7735_OutChar
  110 0000009A F89D 0002       LDRB             R0,[SP,#2]
  111 0000009E F100 0030       ADD              R0,#0x30
  112 000000A2 F7FF FFFE       BL               ST7735_OutChar
  113 000000A6 F89D 0003       LDRB             R0,[SP,#3]
  114 000000AA F100 0030       ADD              R0,#0x30
  115 000000AE F7FF FFFE       BL               ST7735_OutChar
  116 000000B2 E013            B                Deallo
  117 000000B4         error
  118 000000B4 F04F 002A       MOV              R0,#0x2A
  119 000000B8 F7FF FFFE       BL               ST7735_OutChar
  120 000000BC F04F 002E       MOV              R0,#0x2E
  121 000000C0 F7FF FFFE       BL               ST7735_OutChar
  122 000000C4 F04F 002A       MOV              R0,#0x2A
  123 000000C8 F7FF FFFE       BL               ST7735_OutChar
  124 000000CC F04F 002A       MOV              R0,#0x2A
  125 000000D0 F7FF FFFE       BL               ST7735_OutChar
  126 000000D4 F04F 002A       MOV              R0,#0x2A
  127 000000D8 F7FF FFFE       BL               ST7735_OutChar
  128 000000DC         
  129 000000DC         ;**Deallocation**
  130 000000DC         Deallo
  131 000000DC 9800            LDR              R0,[SP]
  132 000000DE B002            ADD              SP,#8
  133 000000E0 F85D EB04       POP{LR}
  134 000000E4 4770            BX               LR
  135 000000E6         
  136 000000E6 00 00           ALIGN
  137 000000E8         ;* * * * * * * * End of LCD_OutFix * * * * * * * *
  138 000000E8         
  139 000000E8                 ALIGN                        ; make sure the end
                                                             of this section is
                                                             aligned
  140 000000E8                 END                          ; end of file
Command Line: --debug --xref --diag_suppress=9931 --cpu=Cortex-M4 --apcs=interw
ork --depend=.\print.d -o.\print.o -I.\RTE\_SpaceInvaders -IC:\Keil_v5\ARM\PACK
\ARM\CMSIS\5.5.1\CMSIS\Core\Include -IC:\Keil_v5\ARM\PACK\Keil\TM4C_DFP\1.1.0\D
evice\Include\TM4C123 --predefine="__EVAL SETA 1" --predefine="__UVISION_VERSIO
N SETA 526" --predefine="_RTE_ SETA 1" --predefine="TM4C123GH6PM SETA 1" --list
=.\print.lst Print.s



ARM Macro Assembler    Page 1 Alphabetic symbol ordering
Relocatable symbols

.text 00000000

Symbol: .text
   Definitions
      At line 17 in file Print.s
   Uses
      None
Comment: .text unused
Deallo 000000DC

Symbol: Deallo
   Definitions
      At line 130 in file Print.s
   Uses
      At line 116 in file Print.s
Comment: Deallo used once
LCD_OutDec 00000000

Symbol: LCD_OutDec
   Definitions
      At line 29 in file Print.s
   Uses
      At line 14 in file Print.s
Comment: LCD_OutDec used once
LCD_OutFix 00000042

Symbol: LCD_OutFix
   Definitions
      At line 73 in file Print.s
   Uses
      At line 15 in file Print.s
Comment: LCD_OutFix used once
again 0000000E

Symbol: again
   Definitions
      At line 36 in file Print.s
   Uses
      At line 40 in file Print.s
Comment: again used once
check 00000006

Symbol: check
   Definitions
      At line 32 in file Print.s
   Uses
      At line 44 in file Print.s
Comment: check used once
clear 00000048

Symbol: clear
   Definitions
      At line 79 in file Print.s
   Uses
      None
Comment: clear unused
done 0000003C

Symbol: done



ARM Macro Assembler    Page 2 Alphabetic symbol ordering
Relocatable symbols

   Definitions
      At line 55 in file Print.s
   Uses
      At line 51 in file Print.s
Comment: done used once
error 000000B4

Symbol: error
   Definitions
      At line 117 in file Print.s
   Uses
      At line 101 in file Print.s
Comment: error used once
look 00000054

Symbol: look
   Definitions
      At line 85 in file Print.s
   Uses
      At line 99 in file Print.s
Comment: look used once
loop 00000058

Symbol: loop
   Definitions
      At line 87 in file Print.s
   Uses
      At line 92 in file Print.s
Comment: loop used once
out 00000024

Symbol: out
   Definitions
      At line 45 in file Print.s
   Uses
      At line 34 in file Print.s
      At line 54 in file Print.s

store 00000066

Symbol: store
   Definitions
      At line 93 in file Print.s
   Uses
      At line 89 in file Print.s
Comment: store used once
13 symbols



ARM Macro Assembler    Page 1 Alphabetic symbol ordering
Absolute symbols

digits 00000000

Symbol: digits
   Definitions
      At line 21 in file Print.s
   Uses
      None
Comment: digits unused
num 00000004

Symbol: num
   Definitions
      At line 22 in file Print.s
   Uses
      At line 84 in file Print.s
Comment: num used once
2 symbols



ARM Macro Assembler    Page 1 Alphabetic symbol ordering
External symbols

ST7735_OutChar 00000000

Symbol: ST7735_OutChar
   Definitions
      At line 12 in file Print.s
   Uses
      At line 48 in file Print.s
      At line 104 in file Print.s
      At line 106 in file Print.s
      At line 109 in file Print.s
      At line 112 in file Print.s
      At line 115 in file Print.s
      At line 119 in file Print.s
      At line 121 in file Print.s
      At line 123 in file Print.s
      At line 125 in file Print.s
      At line 127 in file Print.s

ST7735_OutString 00000000

Symbol: ST7735_OutString
   Definitions
      At line 13 in file Print.s
   Uses
      None
Comment: ST7735_OutString unused
2 symbols
351 symbols in table
